2022-08-17 16:29:23,983 - INFO - MainThread - Logging clouni-configuration-tool started
2022-08-17 16:29:23,984 - DEBUG - MainThread - Arguments successfully parsed: max_workers 10, port 50052, host ['127.0.0.1']
2022-08-17 16:29:23,992 - INFO - MainThread - Server is going to start on 127.0.0.1:50052
2022-08-17 16:29:23,994 - INFO - MainThread - Server started
2022-08-17 18:12:39,386 - INFO - MainThread - Logging clouni-configuration-tool started
2022-08-17 18:12:39,388 - DEBUG - MainThread - Arguments successfully parsed: max_workers 10, port 50052, host ['127.0.0.1']
2022-08-17 18:12:39,401 - INFO - MainThread - Server is going to start on 127.0.0.1:50052
2022-08-17 18:12:39,403 - INFO - MainThread - Server started
2022-08-17 18:22:36,349 - INFO - ThreadPoolExecutor-0_0 - Request received
2022-08-17 18:22:36,349 - DEBUG - ThreadPoolExecutor-0_0 - Request content: cluster_name: "example"
configuration_tool: "ansible"
log_level: "info"

2022-08-17 18:24:15,553 - INFO - ThreadPoolExecutor-0_0 - Request received
2022-08-17 18:24:15,554 - DEBUG - ThreadPoolExecutor-0_0 - Request content: cluster_name: "example"
configuration_tool: "ansible"
log_level: "info"

2022-08-17 18:26:47,742 - INFO - ThreadPoolExecutor-0_1 - Request received
2022-08-17 18:26:47,742 - DEBUG - ThreadPoolExecutor-0_1 - Request content: cluster_name: "example"
configuration_tool: "ansible"
log_level: "info"

2022-08-17 18:28:51,718 - INFO - ThreadPoolExecutor-0_0 - Request received
2022-08-17 18:28:51,718 - DEBUG - ThreadPoolExecutor-0_0 - Request content: cluster_name: "example"
configuration_tool: "ansible"
log_level: "info"

2022-08-17 18:28:52,726 - INFO - ThreadPoolExecutor-0_2 - Request received
2022-08-17 18:28:52,728 - DEBUG - ThreadPoolExecutor-0_2 - Request content: operation: "create"
provider_template: "{\'tosca_server_example_keypair\': {\'properties\': {\'public_key\': \"{{ lookup(\'file\', \'~/.ssh/id_rsa.pub\') }}\", \'name\': \'tosca_server_example_keypair\'}, \'type\': \'openstack.nodes.Keypair\'}}"
configuration_args: "{\'name\': \'tosca_server_example_keypair\', \'public_key\': \"{{ lookup(\'file\', \'~/.ssh/id_rsa.pub\') }}\"}"
cluster_name: "example"
configuration_tool: "ansible"
log_level: "info"

2022-08-17 18:28:52,728 - INFO - ThreadPoolExecutor-0_2 - Request - status OK
2022-08-17 18:28:52,729 - ERROR - ThreadPoolExecutor-0_2 - 
Traceback (most recent call last):
  File "/home/sadimer/ISPRAS/clouni_configuration_tool/grpc_server/clouni_configuration_tool.py", line 68, in ClouniConfigurationTool
    response.content = TranslatorServer(args).output
  File "/home/sadimer/ISPRAS/clouni_configuration_tool/grpc_server/clouni_configuration_tool.py", line 52, in __init__
    self.output = ast.literal_eval(self.provider_template).keys()[0] + SEPARATOR + self.operation
TypeError: 'dict_keys' object does not support indexing
2022-08-17 18:28:52,731 - INFO - ThreadPoolExecutor-0_2 - Request - status ERROR
2022-08-17 18:28:52,732 - INFO - ThreadPoolExecutor-0_2 - Response send
2022-08-17 18:38:22,203 - INFO - ThreadPoolExecutor-0_1 - Request received
2022-08-17 18:38:22,204 - DEBUG - ThreadPoolExecutor-0_1 - Request content: cluster_name: "example"
configuration_tool: "ansible"
log_level: "info"

2022-08-17 19:42:19,235 - INFO - ThreadPoolExecutor-0_3 - Request received
2022-08-17 19:42:19,236 - DEBUG - ThreadPoolExecutor-0_3 - Request content: operation: "create"
provider_template: "{\'tosca_server_example_security_group\': {\'properties\': {\'name\': \'tosca_server_example_security_group\'}, \'type\': \'openstack.nodes.SecurityGroup\'}}"
configuration_args: "{\'name\': \'tosca_server_example_security_group\'}"
cluster_name: "example"
configuration_tool: "ansible"
log_level: "info"

2022-08-17 19:42:19,237 - INFO - ThreadPoolExecutor-0_3 - Request - status OK
2022-08-17 19:42:19,237 - ERROR - ThreadPoolExecutor-0_3 - 
Traceback (most recent call last):
  File "/home/sadimer/ISPRAS/clouni_configuration_tool/grpc_server/clouni_configuration_tool.py", line 68, in ClouniConfigurationTool
    response.content = TranslatorServer(args).output
  File "/home/sadimer/ISPRAS/clouni_configuration_tool/grpc_server/clouni_configuration_tool.py", line 52, in __init__
    self.output = ast.literal_eval(self.provider_template).keys()[0] + SEPARATOR + self.operation
TypeError: 'dict_keys' object does not support indexing
2022-08-17 19:42:19,238 - INFO - ThreadPoolExecutor-0_3 - Request - status ERROR
2022-08-17 19:42:19,238 - INFO - ThreadPoolExecutor-0_3 - Response send
2022-08-17 19:43:36,611 - INFO - MainThread - Server stopped
2022-08-17 19:43:36,611 - INFO - MainThread - Exited
2022-08-17 19:43:39,903 - INFO - MainThread - Logging clouni-configuration-tool started
2022-08-17 19:43:39,904 - DEBUG - MainThread - Arguments successfully parsed: max_workers 10, port 50052, host ['127.0.0.1']
2022-08-17 19:43:39,928 - INFO - MainThread - Server is going to start on 127.0.0.1:50052
2022-08-17 19:43:39,931 - INFO - MainThread - Server started
2022-08-17 19:44:19,907 - INFO - ThreadPoolExecutor-0_0 - Request received
2022-08-17 19:44:19,907 - DEBUG - ThreadPoolExecutor-0_0 - Request content: operation: "create"
provider_template: "{\'tosca_server_example_security_group\': {\'properties\': {\'name\': \'tosca_server_example_security_group\'}, \'type\': \'openstack.nodes.SecurityGroup\'}}"
configuration_args: "{\'name\': \'tosca_server_example_security_group\'}"
cluster_name: "example"
configuration_tool: "ansible"
log_level: "info"

2022-08-17 19:44:19,908 - INFO - ThreadPoolExecutor-0_0 - Request - status OK
2022-08-17 19:44:19,909 - ERROR - ThreadPoolExecutor-0_0 - 
Traceback (most recent call last):
  File "/home/sadimer/ISPRAS/clouni_configuration_tool/grpc_server/clouni_configuration_tool.py", line 68, in ClouniConfigurationTool
    response.content = TranslatorServer(args).output
  File "/home/sadimer/ISPRAS/clouni_configuration_tool/grpc_server/clouni_configuration_tool.py", line 52, in __init__
    self.output = ast.literal_eval(list(self.provider_template).keys())[0] + SEPARATOR + self.operation
AttributeError: 'list' object has no attribute 'keys'
2022-08-17 19:44:19,909 - INFO - ThreadPoolExecutor-0_0 - Request - status ERROR
2022-08-17 19:44:19,910 - INFO - ThreadPoolExecutor-0_0 - Response send
2022-08-17 19:45:11,728 - INFO - MainThread - Server stopped
2022-08-17 19:45:11,729 - INFO - MainThread - Exited
2022-08-17 19:45:17,279 - INFO - MainThread - Logging clouni-configuration-tool started
2022-08-17 19:45:17,279 - DEBUG - MainThread - Arguments successfully parsed: max_workers 10, port 50052, host ['127.0.0.1']
2022-08-17 19:45:17,292 - INFO - MainThread - Server is going to start on 127.0.0.1:50052
2022-08-17 19:45:17,294 - INFO - MainThread - Server started
2022-08-17 19:45:46,575 - INFO - ThreadPoolExecutor-0_0 - Request received
2022-08-17 19:45:46,576 - DEBUG - ThreadPoolExecutor-0_0 - Request content: operation: "create"
provider_template: "{\'tosca_server_example_security_group\': {\'properties\': {\'name\': \'tosca_server_example_security_group\'}, \'type\': \'openstack.nodes.SecurityGroup\'}}"
configuration_args: "{\'name\': \'tosca_server_example_security_group\'}"
cluster_name: "example"
configuration_tool: "ansible"
log_level: "info"

2022-08-17 19:45:46,577 - INFO - ThreadPoolExecutor-0_0 - Request - status OK
2022-08-17 19:45:46,579 - INFO - ThreadPoolExecutor-0_0 - Response send
2022-08-17 19:58:55,851 - INFO - ThreadPoolExecutor-0_0 - Request received
2022-08-17 19:58:55,852 - DEBUG - ThreadPoolExecutor-0_0 - Request content: operation: "create"
provider_template: "{\'tosca_server_example_security_group\': {\'properties\': {\'name\': \'tosca_server_example_security_group\'}, \'type\': \'openstack.nodes.SecurityGroup\'}}"
configuration_args: "{\'name\': \'tosca_server_example_security_group\'}"
cluster_name: "example"
configuration_tool: "ansible"
log_level: "info"

2022-08-17 19:58:55,852 - INFO - ThreadPoolExecutor-0_0 - Request - status OK
2022-08-17 19:58:55,853 - INFO - ThreadPoolExecutor-0_0 - Response send
2022-08-17 19:58:55,855 - INFO - ThreadPoolExecutor-0_1 - Request received
2022-08-17 19:58:55,856 - DEBUG - ThreadPoolExecutor-0_1 - Request content: operation: "create"
provider_template: "{\'tosca_server_example_keypair\': {\'properties\': {\'public_key\': \"{{ lookup(\'file\', \'~/.ssh/id_rsa.pub\') }}\", \'name\': \'tosca_server_example_keypair\'}, \'type\': \'openstack.nodes.Keypair\'}}"
configuration_args: "{\'name\': \'tosca_server_example_keypair\', \'public_key\': \"{{ lookup(\'file\', \'~/.ssh/id_rsa.pub\') }}\"}"
cluster_name: "example"
configuration_tool: "ansible"
log_level: "info"

2022-08-17 19:58:55,856 - INFO - ThreadPoolExecutor-0_1 - Request - status OK
2022-08-17 19:58:55,856 - INFO - ThreadPoolExecutor-0_1 - Response send
2022-08-17 20:00:37,202 - INFO - ThreadPoolExecutor-0_0 - Request received
2022-08-17 20:00:37,204 - DEBUG - ThreadPoolExecutor-0_0 - Request content: operation: "create"
provider_template: "{\'tosca_server_example_security_group\': {\'properties\': {\'name\': \'tosca_server_example_security_group\'}, \'type\': \'openstack.nodes.SecurityGroup\'}}"
configuration_args: "{\'name\': \'tosca_server_example_security_group\'}"
cluster_name: "example"
configuration_tool: "ansible"
log_level: "info"

2022-08-17 20:00:37,205 - INFO - ThreadPoolExecutor-0_0 - Request - status OK
2022-08-17 20:00:37,206 - INFO - ThreadPoolExecutor-0_0 - Response send
2022-08-17 20:00:37,211 - INFO - ThreadPoolExecutor-0_2 - Request received
2022-08-17 20:00:37,212 - DEBUG - ThreadPoolExecutor-0_2 - Request content: operation: "create"
provider_template: "{\'tosca_server_example_keypair\': {\'properties\': {\'public_key\': \"{{ lookup(\'file\', \'~/.ssh/id_rsa.pub\') }}\", \'name\': \'tosca_server_example_keypair\'}, \'type\': \'openstack.nodes.Keypair\'}}"
configuration_args: "{\'name\': \'tosca_server_example_keypair\', \'public_key\': \"{{ lookup(\'file\', \'~/.ssh/id_rsa.pub\') }}\"}"
cluster_name: "example"
configuration_tool: "ansible"
log_level: "info"

2022-08-17 20:00:37,212 - INFO - ThreadPoolExecutor-0_2 - Request - status OK
2022-08-17 20:00:37,213 - INFO - ThreadPoolExecutor-0_2 - Response send
2022-08-17 20:09:20,559 - INFO - ThreadPoolExecutor-0_1 - Request received
2022-08-17 20:09:20,560 - DEBUG - ThreadPoolExecutor-0_1 - Request content: operation: "create"
provider_template: "{\'tosca_server_example_keypair\': {\'properties\': {\'public_key\': \"{{ lookup(\'file\', \'~/.ssh/id_rsa.pub\') }}\", \'name\': \'tosca_server_example_keypair\'}, \'type\': \'openstack.nodes.Keypair\'}}"
configuration_args: "{\'name\': \'tosca_server_example_keypair\', \'public_key\': \"{{ lookup(\'file\', \'~/.ssh/id_rsa.pub\') }}\"}"
cluster_name: "example"
configuration_tool: "ansible"
log_level: "info"

2022-08-17 20:09:20,561 - INFO - ThreadPoolExecutor-0_1 - Request - status OK
2022-08-17 20:09:20,562 - INFO - ThreadPoolExecutor-0_1 - Response send
2022-08-17 20:09:20,570 - INFO - ThreadPoolExecutor-0_6 - Request received
2022-08-17 20:09:20,571 - DEBUG - ThreadPoolExecutor-0_6 - Request content: operation: "create"
provider_template: "{\'tosca_server_example_security_group\': {\'properties\': {\'name\': \'tosca_server_example_security_group\'}, \'type\': \'openstack.nodes.SecurityGroup\'}}"
configuration_args: "{\'name\': \'tosca_server_example_security_group\'}"
cluster_name: "example"
configuration_tool: "ansible"
log_level: "info"

2022-08-17 20:09:20,572 - INFO - ThreadPoolExecutor-0_6 - Request - status OK
2022-08-17 20:09:20,573 - INFO - ThreadPoolExecutor-0_6 - Response send
2022-08-17 20:11:47,097 - INFO - ThreadPoolExecutor-0_0 - Request received
2022-08-17 20:11:47,098 - DEBUG - ThreadPoolExecutor-0_0 - Request content: operation: "create"
provider_template: "{\'tosca_server_example_security_group\': {\'properties\': {\'name\': \'tosca_server_example_security_group\'}, \'type\': \'openstack.nodes.SecurityGroup\'}}"
configuration_args: "{\'name\': \'tosca_server_example_security_group\'}"
cluster_name: "example"
configuration_tool: "ansible"
log_level: "info"

2022-08-17 20:11:47,098 - INFO - ThreadPoolExecutor-0_0 - Request - status OK
2022-08-17 20:11:47,099 - INFO - ThreadPoolExecutor-0_0 - Response send
2022-08-17 20:11:47,122 - INFO - ThreadPoolExecutor-0_4 - Request received
2022-08-17 20:11:47,123 - DEBUG - ThreadPoolExecutor-0_4 - Request content: operation: "create"
provider_template: "{\'tosca_server_example_keypair\': {\'properties\': {\'public_key\': \"{{ lookup(\'file\', \'~/.ssh/id_rsa.pub\') }}\", \'name\': \'tosca_server_example_keypair\'}, \'type\': \'openstack.nodes.Keypair\'}}"
configuration_args: "{\'name\': \'tosca_server_example_keypair\', \'public_key\': \"{{ lookup(\'file\', \'~/.ssh/id_rsa.pub\') }}\"}"
cluster_name: "example"
configuration_tool: "ansible"
log_level: "info"

2022-08-17 20:11:47,123 - INFO - ThreadPoolExecutor-0_4 - Request - status OK
2022-08-17 20:11:47,123 - INFO - ThreadPoolExecutor-0_4 - Response send
2022-08-17 20:11:47,142 - INFO - ThreadPoolExecutor-0_2 - Request received
2022-08-17 20:11:47,143 - DEBUG - ThreadPoolExecutor-0_2 - Request content: operation: "create"
provider_template: "{\'tosca_server_example_security_group_rule\': {\'requirements\': [{\'security_group\': {\'node\': \'tosca_server_example_security_group\', \'node_filter\': {\'properties\': [{\'name\': \'tosca_server_example_security_group\'}, {\'id\': \'{{ tosca_server_example_security_group_delete }}\'}]}}}], \'properties\': {\'protocol\': \'{{ protocol[item | int] | default(omit) }}\', \'port_range_min\': \'{{ port[item | int] | default(omit) }}\', \'port_range_max\': \'{{ port[item | int] | default(omit) }}\', \'direction\': \'{{ initiator[item | int] | default(omit) }}\', \'remote_ip_prefix\': \'0.0.0.0\', \'ethertype\': \'IPv4\'}, \'type\': \'openstack.nodes.SecurityGroupRule\'}}"
configuration_args: "{\'direction\': \'{{ initiator[item | int] | default(omit) }}\', \'ethertype\': \'IPv4\', \'port_range_max\': \'{{ port[item | int] | default(omit) }}\', \'port_range_min\': \'{{ port[item | int] | default(omit) }}\', \'protocol\': \'{{ protocol[item | int] | default(omit) }}\', \'remote_ip_prefix\': \'0.0.0.0\', \'security_group\': \'tosca_server_example_security_group\'}"
cluster_name: "example"
configuration_tool: "ansible"
log_level: "info"

2022-08-17 20:11:47,144 - INFO - ThreadPoolExecutor-0_2 - Request - status OK
2022-08-17 20:11:47,145 - INFO - ThreadPoolExecutor-0_2 - Response send
2022-08-17 20:11:47,153 - INFO - ThreadPoolExecutor-0_5 - Request received
2022-08-17 20:11:47,155 - DEBUG - ThreadPoolExecutor-0_5 - Request content: operation: "create"
provider_template: "{\'tosca_server_example_server\': {\'requirements\': [{\'key_name\': {\'node\': \'tosca_server_example_keypair\', \'node_filter\': {\'properties\': [{\'public_key\': \"{{ lookup(\'file\', \'~/.ssh/id_rsa.pub\') }}\"}, {\'name\': \'tosca_server_example_keypair\'}, {\'id\': \'{{ tosca_server_example_keypair_delete }}\'}]}}}, {\'flavor\': {\'node_filter\': {\'properties\': [{\'vcpus\': 1}, {\'disk\': 10.0}, {\'ram\': 1024.0}]}}}, {\'security_groups\': {\'node\': \'tosca_server_example_security_group\', \'node_filter\': {\'properties\': [{\'name\': \'tosca_server_example_security_group\'}, {\'id\': \'{{ tosca_server_example_security_group_delete }}\'}]}}}, {\'image\': {\'node_filter\': {\'properties\': [{\'name\': \'not implemented yet\'}]}}}], \'properties\': {\'name\': \'tosca_server_example\', \'meta\': \'cube_master=true\', \'auto_ip\': False, \'nics\': [{\'net-name\': \'sandbox_net\'}], \'boot_from_volume\': False, \'reuse_ips\': True, \'config_drive\': False}, \'interfaces\': {\'Standard\': {\'create\': {\'implementation\': \'add_host.yaml\', \'inputs\': {\'ansible_user\': \'cirros\', \'host_ip\': \'{{ host_ip | default([]) + [[ \"tosca_server_example_private_address_\" + item, tosca_server_example_server.results[item | int - 1].server.public_v4 ]] }}\', \'group\': \'tosca_server_example_server_private_address\'}}}}, \'type\': \'openstack.nodes.Server\'}}"
configuration_args: "{\'auto_ip\': False, \'boot_from_volume\': False, \'reuse_ips\': True, \'config_drive\': False, \'meta\': \'cube_master=true\', \'name\': \'tosca_server_example\', \'nics\': [{\'net-name\': \'sandbox_net\'}], \'key_name\': \'tosca_server_example_keypair\', \'flavor\': \'not implemented yet\', \'security_groups\': [\'tosca_server_example_security_group\'], \'image\': \'not implemented yet\'}"
cluster_name: "example"
configuration_tool: "ansible"
log_level: "info"

2022-08-17 20:11:47,156 - INFO - ThreadPoolExecutor-0_5 - Request - status OK
2022-08-17 20:11:47,158 - INFO - ThreadPoolExecutor-0_5 - Response send
2022-08-17 20:11:47,169 - INFO - ThreadPoolExecutor-0_1 - Request received
2022-08-17 20:11:47,170 - DEBUG - ThreadPoolExecutor-0_1 - Request content: operation: "create"
provider_template: "{\'tosca_server_example_floating_ip\': {\'requirements\': [{\'server\': {\'node\': \'tosca_server_example_server\', \'node_filter\': {\'properties\': [{\'name\': \'tosca_server_example\'}, {\'meta\': \'cube_master=true\'}, {\'auto_ip\': False}, {\'nics\': [{\'net-name\': \'sandbox_net\'}]}, {\'id\': \'{{ tosca_server_example_server_delete }}\'}]}}}, {\'network\': {\'node_filter\': {\'properties\': [{\'name\': \'not implemented yet\'}]}}}], \'properties\': {\'floating_ip_address\': \'10.100.157.77\'}, \'interfaces\': {\'Standard\': {\'create\': {\'implementation\': \'add_host.yaml\', \'inputs\': {\'ansible_user\': \'cirros\', \'host_ip\': \'{{ host_ip | default([]) + [[ \"tosca_server_example_public_address_\" + item, tosca_server_example_floating_ip.results[item | int - 1].floating_ip.floating_ip_address ]] }}\', \'group\': \'tosca_server_example_server_public_address\'}}}}, \'type\': \'openstack.nodes.FloatingIp\'}}"
configuration_args: "{\'floating_ip_address\': \'10.100.157.77\', \'server\': \'tosca_server_example\', \'network\': \'not implemented yet\'}"
cluster_name: "example"
configuration_tool: "ansible"
log_level: "info"

2022-08-17 20:11:47,171 - INFO - ThreadPoolExecutor-0_1 - Request - status OK
2022-08-17 20:11:47,173 - INFO - ThreadPoolExecutor-0_1 - Response send
2022-08-17 20:12:58,335 - INFO - ThreadPoolExecutor-0_3 - Request received
2022-08-17 20:12:58,337 - DEBUG - ThreadPoolExecutor-0_3 - Request content: operation: "create"
provider_template: "{\'tosca_server_example_security_group\': {\'properties\': {\'name\': \'tosca_server_example_security_group\'}, \'type\': \'openstack.nodes.SecurityGroup\'}}"
configuration_args: "{\'name\': \'tosca_server_example_security_group\'}"
cluster_name: "example"
configuration_tool: "ansible"
log_level: "info"

2022-08-17 20:12:58,337 - INFO - ThreadPoolExecutor-0_3 - Request - status OK
2022-08-17 20:12:58,338 - INFO - ThreadPoolExecutor-0_3 - Response send
2022-08-17 20:12:58,343 - INFO - ThreadPoolExecutor-0_6 - Request received
2022-08-17 20:12:58,345 - DEBUG - ThreadPoolExecutor-0_6 - Request content: operation: "create"
provider_template: "{\'tosca_server_example_keypair\': {\'properties\': {\'public_key\': \"{{ lookup(\'file\', \'~/.ssh/id_rsa.pub\') }}\", \'name\': \'tosca_server_example_keypair\'}, \'type\': \'openstack.nodes.Keypair\'}}"
configuration_args: "{\'name\': \'tosca_server_example_keypair\', \'public_key\': \"{{ lookup(\'file\', \'~/.ssh/id_rsa.pub\') }}\"}"
cluster_name: "example"
configuration_tool: "ansible"
log_level: "info"

2022-08-17 20:12:58,346 - INFO - ThreadPoolExecutor-0_6 - Request - status OK
2022-08-17 20:12:58,347 - INFO - ThreadPoolExecutor-0_6 - Response send
2022-08-17 20:12:59,351 - INFO - ThreadPoolExecutor-0_7 - Request received
2022-08-17 20:12:59,353 - DEBUG - ThreadPoolExecutor-0_7 - Request content: operation: "create"
provider_template: "{\'tosca_server_example_security_group_rule\': {\'requirements\': [{\'security_group\': {\'node\': \'tosca_server_example_security_group\', \'node_filter\': {\'properties\': [{\'name\': \'tosca_server_example_security_group\'}, {\'id\': \'{{ tosca_server_example_security_group_delete }}\'}]}}}], \'properties\': {\'protocol\': \'{{ protocol[item | int] | default(omit) }}\', \'port_range_min\': \'{{ port[item | int] | default(omit) }}\', \'port_range_max\': \'{{ port[item | int] | default(omit) }}\', \'direction\': \'{{ initiator[item | int] | default(omit) }}\', \'remote_ip_prefix\': \'0.0.0.0\', \'ethertype\': \'IPv4\'}, \'type\': \'openstack.nodes.SecurityGroupRule\'}}"
configuration_args: "{\'direction\': \'{{ initiator[item | int] | default(omit) }}\', \'ethertype\': \'IPv4\', \'port_range_max\': \'{{ port[item | int] | default(omit) }}\', \'port_range_min\': \'{{ port[item | int] | default(omit) }}\', \'protocol\': \'{{ protocol[item | int] | default(omit) }}\', \'remote_ip_prefix\': \'0.0.0.0\', \'security_group\': \'tosca_server_example_security_group\'}"
cluster_name: "example"
configuration_tool: "ansible"
log_level: "info"

2022-08-17 20:12:59,354 - INFO - ThreadPoolExecutor-0_7 - Request - status OK
2022-08-17 20:12:59,355 - INFO - ThreadPoolExecutor-0_7 - Response send
2022-08-17 20:12:59,366 - INFO - ThreadPoolExecutor-0_0 - Request received
2022-08-17 20:12:59,369 - DEBUG - ThreadPoolExecutor-0_0 - Request content: operation: "create"
provider_template: "{\'tosca_server_example_server\': {\'requirements\': [{\'key_name\': {\'node\': \'tosca_server_example_keypair\', \'node_filter\': {\'properties\': [{\'public_key\': \"{{ lookup(\'file\', \'~/.ssh/id_rsa.pub\') }}\"}, {\'name\': \'tosca_server_example_keypair\'}, {\'id\': \'{{ tosca_server_example_keypair_delete }}\'}]}}}, {\'flavor\': {\'node_filter\': {\'properties\': [{\'vcpus\': 1}, {\'disk\': 10.0}, {\'ram\': 1024.0}]}}}, {\'security_groups\': {\'node\': \'tosca_server_example_security_group\', \'node_filter\': {\'properties\': [{\'name\': \'tosca_server_example_security_group\'}, {\'id\': \'{{ tosca_server_example_security_group_delete }}\'}]}}}, {\'image\': {\'node_filter\': {\'properties\': [{\'name\': \'not implemented yet\'}]}}}], \'properties\': {\'name\': \'tosca_server_example\', \'meta\': \'cube_master=true\', \'auto_ip\': False, \'nics\': [{\'net-name\': \'sandbox_net\'}], \'boot_from_volume\': False, \'reuse_ips\': True, \'config_drive\': False}, \'interfaces\': {\'Standard\': {\'create\': {\'implementation\': \'add_host.yaml\', \'inputs\': {\'ansible_user\': \'cirros\', \'host_ip\': \'{{ host_ip | default([]) + [[ \"tosca_server_example_private_address_\" + item, tosca_server_example_server.results[item | int - 1].server.public_v4 ]] }}\', \'group\': \'tosca_server_example_server_private_address\'}}}}, \'type\': \'openstack.nodes.Server\'}}"
configuration_args: "{\'auto_ip\': False, \'boot_from_volume\': False, \'reuse_ips\': True, \'config_drive\': False, \'meta\': \'cube_master=true\', \'name\': \'tosca_server_example\', \'nics\': [{\'net-name\': \'sandbox_net\'}], \'key_name\': \'tosca_server_example_keypair\', \'flavor\': \'not implemented yet\', \'security_groups\': [\'tosca_server_example_security_group\'], \'image\': \'not implemented yet\'}"
cluster_name: "example"
configuration_tool: "ansible"
log_level: "info"

2022-08-17 20:12:59,370 - INFO - ThreadPoolExecutor-0_0 - Request - status OK
2022-08-17 20:12:59,372 - INFO - ThreadPoolExecutor-0_0 - Response send
2022-08-17 20:13:00,373 - INFO - ThreadPoolExecutor-0_8 - Request received
2022-08-17 20:13:00,374 - DEBUG - ThreadPoolExecutor-0_8 - Request content: operation: "create"
provider_template: "{\'tosca_server_example_floating_ip\': {\'requirements\': [{\'server\': {\'node\': \'tosca_server_example_server\', \'node_filter\': {\'properties\': [{\'name\': \'tosca_server_example\'}, {\'meta\': \'cube_master=true\'}, {\'auto_ip\': False}, {\'nics\': [{\'net-name\': \'sandbox_net\'}]}, {\'id\': \'{{ tosca_server_example_server_delete }}\'}]}}}, {\'network\': {\'node_filter\': {\'properties\': [{\'name\': \'not implemented yet\'}]}}}], \'properties\': {\'floating_ip_address\': \'10.100.157.77\'}, \'interfaces\': {\'Standard\': {\'create\': {\'implementation\': \'add_host.yaml\', \'inputs\': {\'ansible_user\': \'cirros\', \'host_ip\': \'{{ host_ip | default([]) + [[ \"tosca_server_example_public_address_\" + item, tosca_server_example_floating_ip.results[item | int - 1].floating_ip.floating_ip_address ]] }}\', \'group\': \'tosca_server_example_server_public_address\'}}}}, \'type\': \'openstack.nodes.FloatingIp\'}}"
configuration_args: "{\'floating_ip_address\': \'10.100.157.77\', \'server\': \'tosca_server_example\', \'network\': \'not implemented yet\'}"
cluster_name: "example"
configuration_tool: "ansible"
log_level: "info"

2022-08-17 20:13:00,374 - INFO - ThreadPoolExecutor-0_8 - Request - status OK
2022-08-17 20:13:00,375 - INFO - ThreadPoolExecutor-0_8 - Response send
2022-08-17 20:13:14,031 - INFO - ThreadPoolExecutor-0_4 - Request received
2022-08-17 20:13:14,031 - DEBUG - ThreadPoolExecutor-0_4 - Request content: operation: "create"
provider_template: "{\'tosca_server_example_security_group\': {\'properties\': {\'name\': \'tosca_server_example_security_group\'}, \'type\': \'openstack.nodes.SecurityGroup\'}}"
configuration_args: "{\'name\': \'tosca_server_example_security_group\'}"
cluster_name: "example"
configuration_tool: "ansible"
log_level: "info"

2022-08-17 20:13:14,032 - INFO - ThreadPoolExecutor-0_4 - Request - status OK
2022-08-17 20:13:14,032 - INFO - ThreadPoolExecutor-0_4 - Response send
2022-08-17 20:13:14,046 - INFO - ThreadPoolExecutor-0_9 - Request received
2022-08-17 20:13:14,047 - DEBUG - ThreadPoolExecutor-0_9 - Request content: operation: "create"
provider_template: "{\'tosca_server_example_keypair\': {\'properties\': {\'public_key\': \"{{ lookup(\'file\', \'~/.ssh/id_rsa.pub\') }}\", \'name\': \'tosca_server_example_keypair\'}, \'type\': \'openstack.nodes.Keypair\'}}"
configuration_args: "{\'name\': \'tosca_server_example_keypair\', \'public_key\': \"{{ lookup(\'file\', \'~/.ssh/id_rsa.pub\') }}\"}"
cluster_name: "example"
configuration_tool: "ansible"
log_level: "info"

2022-08-17 20:13:14,047 - INFO - ThreadPoolExecutor-0_9 - Request - status OK
2022-08-17 20:13:14,048 - INFO - ThreadPoolExecutor-0_9 - Response send
2022-08-17 20:13:15,042 - INFO - ThreadPoolExecutor-0_2 - Request received
2022-08-17 20:13:15,044 - DEBUG - ThreadPoolExecutor-0_2 - Request content: operation: "create"
provider_template: "{\'tosca_server_example_server\': {\'requirements\': [{\'key_name\': {\'node\': \'tosca_server_example_keypair\', \'node_filter\': {\'properties\': [{\'public_key\': \"{{ lookup(\'file\', \'~/.ssh/id_rsa.pub\') }}\"}, {\'name\': \'tosca_server_example_keypair\'}, {\'id\': \'{{ tosca_server_example_keypair_delete }}\'}]}}}, {\'flavor\': {\'node_filter\': {\'properties\': [{\'vcpus\': 1}, {\'disk\': 10.0}, {\'ram\': 1024.0}]}}}, {\'security_groups\': {\'node\': \'tosca_server_example_security_group\', \'node_filter\': {\'properties\': [{\'name\': \'tosca_server_example_security_group\'}, {\'id\': \'{{ tosca_server_example_security_group_delete }}\'}]}}}, {\'image\': {\'node_filter\': {\'properties\': [{\'name\': \'not implemented yet\'}]}}}], \'properties\': {\'name\': \'tosca_server_example\', \'meta\': \'cube_master=true\', \'auto_ip\': False, \'nics\': [{\'net-name\': \'sandbox_net\'}], \'boot_from_volume\': False, \'reuse_ips\': True, \'config_drive\': False}, \'interfaces\': {\'Standard\': {\'create\': {\'implementation\': \'add_host.yaml\', \'inputs\': {\'ansible_user\': \'cirros\', \'host_ip\': \'{{ host_ip | default([]) + [[ \"tosca_server_example_private_address_\" + item, tosca_server_example_server.results[item | int - 1].server.public_v4 ]] }}\', \'group\': \'tosca_server_example_server_private_address\'}}}}, \'type\': \'openstack.nodes.Server\'}}"
configuration_args: "{\'auto_ip\': False, \'boot_from_volume\': False, \'reuse_ips\': True, \'config_drive\': False, \'meta\': \'cube_master=true\', \'name\': \'tosca_server_example\', \'nics\': [{\'net-name\': \'sandbox_net\'}], \'key_name\': \'tosca_server_example_keypair\', \'flavor\': \'not implemented yet\', \'security_groups\': [\'tosca_server_example_security_group\'], \'image\': \'not implemented yet\'}"
cluster_name: "example"
configuration_tool: "ansible"
log_level: "info"

2022-08-17 20:13:15,044 - INFO - ThreadPoolExecutor-0_2 - Request - status OK
2022-08-17 20:13:15,046 - INFO - ThreadPoolExecutor-0_2 - Response send
2022-08-17 20:13:15,048 - INFO - ThreadPoolExecutor-0_5 - Request received
2022-08-17 20:13:15,049 - DEBUG - ThreadPoolExecutor-0_5 - Request content: operation: "create"
provider_template: "{\'tosca_server_example_security_group_rule\': {\'requirements\': [{\'security_group\': {\'node\': \'tosca_server_example_security_group\', \'node_filter\': {\'properties\': [{\'name\': \'tosca_server_example_security_group\'}, {\'id\': \'{{ tosca_server_example_security_group_delete }}\'}]}}}], \'properties\': {\'protocol\': \'{{ protocol[item | int] | default(omit) }}\', \'port_range_min\': \'{{ port[item | int] | default(omit) }}\', \'port_range_max\': \'{{ port[item | int] | default(omit) }}\', \'direction\': \'{{ initiator[item | int] | default(omit) }}\', \'remote_ip_prefix\': \'0.0.0.0\', \'ethertype\': \'IPv4\'}, \'type\': \'openstack.nodes.SecurityGroupRule\'}}"
configuration_args: "{\'direction\': \'{{ initiator[item | int] | default(omit) }}\', \'ethertype\': \'IPv4\', \'port_range_max\': \'{{ port[item | int] | default(omit) }}\', \'port_range_min\': \'{{ port[item | int] | default(omit) }}\', \'protocol\': \'{{ protocol[item | int] | default(omit) }}\', \'remote_ip_prefix\': \'0.0.0.0\', \'security_group\': \'tosca_server_example_security_group\'}"
cluster_name: "example"
configuration_tool: "ansible"
log_level: "info"

2022-08-17 20:13:15,050 - INFO - ThreadPoolExecutor-0_5 - Request - status OK
2022-08-17 20:13:15,050 - INFO - ThreadPoolExecutor-0_5 - Response send
2022-08-17 20:13:16,044 - INFO - ThreadPoolExecutor-0_1 - Request received
2022-08-17 20:13:16,045 - DEBUG - ThreadPoolExecutor-0_1 - Request content: operation: "create"
provider_template: "{\'tosca_server_example_floating_ip\': {\'requirements\': [{\'server\': {\'node\': \'tosca_server_example_server\', \'node_filter\': {\'properties\': [{\'name\': \'tosca_server_example\'}, {\'meta\': \'cube_master=true\'}, {\'auto_ip\': False}, {\'nics\': [{\'net-name\': \'sandbox_net\'}]}, {\'id\': \'{{ tosca_server_example_server_delete }}\'}]}}}, {\'network\': {\'node_filter\': {\'properties\': [{\'name\': \'not implemented yet\'}]}}}], \'properties\': {\'floating_ip_address\': \'10.100.157.77\'}, \'interfaces\': {\'Standard\': {\'create\': {\'implementation\': \'add_host.yaml\', \'inputs\': {\'ansible_user\': \'cirros\', \'host_ip\': \'{{ host_ip | default([]) + [[ \"tosca_server_example_public_address_\" + item, tosca_server_example_floating_ip.results[item | int - 1].floating_ip.floating_ip_address ]] }}\', \'group\': \'tosca_server_example_server_public_address\'}}}}, \'type\': \'openstack.nodes.FloatingIp\'}}"
configuration_args: "{\'floating_ip_address\': \'10.100.157.77\', \'server\': \'tosca_server_example\', \'network\': \'not implemented yet\'}"
cluster_name: "example"
configuration_tool: "ansible"
log_level: "info"

2022-08-17 20:13:16,045 - INFO - ThreadPoolExecutor-0_1 - Request - status OK
2022-08-17 20:13:16,046 - INFO - ThreadPoolExecutor-0_1 - Response send
2022-08-19 15:56:15,276 - INFO - MainThread - Logging clouni-configuration-tool started
2022-08-19 15:56:15,276 - DEBUG - MainThread - Arguments successfully parsed: max_workers 10, port 50052, host ['127.0.0.1']
2022-08-19 15:56:15,288 - INFO - MainThread - Server is going to start on 127.0.0.1:50052
2022-08-19 15:56:15,290 - INFO - MainThread - Server started
2022-08-19 15:56:25,724 - INFO - MainThread - Server stopped
2022-08-19 15:56:25,724 - INFO - MainThread - Exited
2022-08-19 15:56:33,449 - INFO - MainThread - Logging clouni-configuration-tool started
2022-08-19 15:56:33,450 - DEBUG - MainThread - Arguments successfully parsed: max_workers 10, port 50052, host ['127.0.0.1']
2022-08-19 15:56:33,464 - INFO - MainThread - Server is going to start on 127.0.0.1:50052
2022-08-19 15:56:33,468 - INFO - MainThread - Server started
2022-08-19 15:56:33,485 - INFO - MainThread - Server stopped
2022-08-19 15:56:33,488 - INFO - MainThread - Exited
2022-08-19 15:56:38,459 - INFO - MainThread - Logging clouni-configuration-tool started
2022-08-19 15:56:38,460 - DEBUG - MainThread - Arguments successfully parsed: max_workers 10, port 50052, host ['127.0.0.1']
2022-08-19 15:56:38,474 - INFO - MainThread - Server is going to start on 127.0.0.1:50052
2022-08-19 15:56:38,477 - INFO - MainThread - Server started
2022-08-19 15:56:50,652 - INFO - ThreadPoolExecutor-0_0 - Request received
2022-08-19 15:56:50,662 - DEBUG - ThreadPoolExecutor-0_0 - Request content: operation: "create"
provider_template: "{\'tosca_server_example_keypair\': {\'properties\': {\'public_key\': \"{{ lookup(\'file\', \'~/.ssh/id_rsa.pub\') }}\", \'name\': \'tosca_server_example_keypair\'}, \'type\': \'openstack.nodes.Keypair\'}}"
configuration_args: "{\'name\': \'tosca_server_example_keypair\', \'public_key\': \"{{ lookup(\'file\', \'~/.ssh/id_rsa.pub\') }}\"}"
cluster_name: "example"
configuration_tool: "ansible"
log_level: "info"

2022-08-19 15:56:50,665 - INFO - ThreadPoolExecutor-0_0 - Request - status OK
2022-08-19 15:56:50,666 - INFO - ThreadPoolExecutor-0_0 - Response send
2022-08-19 15:56:50,669 - INFO - ThreadPoolExecutor-0_1 - Request received
2022-08-19 15:56:50,674 - DEBUG - ThreadPoolExecutor-0_1 - Request content: operation: "create"
provider_template: "{\'tosca_server_example_security_group\': {\'properties\': {\'name\': \'tosca_server_example_security_group\'}, \'type\': \'openstack.nodes.SecurityGroup\'}}"
configuration_args: "{\'name\': \'tosca_server_example_security_group\'}"
cluster_name: "example"
configuration_tool: "ansible"
log_level: "info"

2022-08-19 15:56:50,675 - INFO - ThreadPoolExecutor-0_1 - Request - status OK
2022-08-19 15:56:50,676 - INFO - ThreadPoolExecutor-0_1 - Response send
2022-08-19 15:56:51,692 - INFO - ThreadPoolExecutor-0_0 - Request received
2022-08-19 15:56:51,723 - DEBUG - ThreadPoolExecutor-0_0 - Request content: operation: "create"
provider_template: "{\'tosca_server_example_security_group_rule\': {\'requirements\': [{\'security_group\': {\'node\': \'tosca_server_example_security_group\', \'node_filter\': {\'properties\': [{\'name\': \'tosca_server_example_security_group\'}, {\'id\': \'{{ tosca_server_example_security_group_delete }}\'}]}}}], \'properties\': {\'protocol\': \'{{ protocol[item | int] | default(omit) }}\', \'port_range_min\': \'{{ port[item | int] | default(omit) }}\', \'port_range_max\': \'{{ port[item | int] | default(omit) }}\', \'direction\': \'{{ initiator[item | int] | default(omit) }}\', \'remote_ip_prefix\': \'0.0.0.0\', \'ethertype\': \'IPv4\'}, \'type\': \'openstack.nodes.SecurityGroupRule\'}}"
configuration_args: "{\'direction\': \'{{ initiator[item | int] | default(omit) }}\', \'ethertype\': \'IPv4\', \'port_range_max\': \'{{ port[item | int] | default(omit) }}\', \'port_range_min\': \'{{ port[item | int] | default(omit) }}\', \'protocol\': \'{{ protocol[item | int] | default(omit) }}\', \'remote_ip_prefix\': \'0.0.0.0\', \'security_group\': \'tosca_server_example_security_group\'}"
cluster_name: "example"
configuration_tool: "ansible"
log_level: "info"

2022-08-19 15:56:51,724 - INFO - ThreadPoolExecutor-0_0 - Request - status OK
2022-08-19 15:56:51,725 - INFO - ThreadPoolExecutor-0_0 - Response send
2022-08-19 15:56:51,726 - INFO - ThreadPoolExecutor-0_1 - Request received
2022-08-19 15:56:51,754 - DEBUG - ThreadPoolExecutor-0_1 - Request content: operation: "create"
provider_template: "{\'tosca_server_example_server\': {\'requirements\': [{\'key_name\': {\'node\': \'tosca_server_example_keypair\', \'node_filter\': {\'properties\': [{\'public_key\': \"{{ lookup(\'file\', \'~/.ssh/id_rsa.pub\') }}\"}, {\'name\': \'tosca_server_example_keypair\'}, {\'id\': \'{{ tosca_server_example_keypair_delete }}\'}]}}}, {\'flavor\': {\'node_filter\': {\'properties\': [{\'vcpus\': 1}, {\'disk\': 10.0}, {\'ram\': 1024.0}]}}}, {\'security_groups\': {\'node\': \'tosca_server_example_security_group\', \'node_filter\': {\'properties\': [{\'name\': \'tosca_server_example_security_group\'}, {\'id\': \'{{ tosca_server_example_security_group_delete }}\'}]}}}, {\'image\': {\'node_filter\': {\'properties\': [{\'name\': \'not implemented yet\'}]}}}], \'properties\': {\'name\': \'tosca_server_example\', \'meta\': \'cube_master=true\', \'auto_ip\': False, \'nics\': [{\'net-name\': \'sandbox_net\'}], \'boot_from_volume\': False, \'reuse_ips\': True, \'config_drive\': False}, \'interfaces\': {\'Standard\': {\'create\': {\'implementation\': \'add_host.yaml\', \'inputs\': {\'ansible_user\': \'cirros\', \'host_ip\': \'{{ host_ip | default([]) + [[ \"tosca_server_example_private_address_\" + item, tosca_server_example_server.results[item | int - 1].server.public_v4 ]] }}\', \'group\': \'tosca_server_example_server_private_address\'}}}}, \'type\': \'openstack.nodes.Server\'}}"
configuration_args: "{\'auto_ip\': False, \'boot_from_volume\': False, \'reuse_ips\': True, \'config_drive\': False, \'meta\': \'cube_master=true\', \'name\': \'tosca_server_example\', \'nics\': [{\'net-name\': \'sandbox_net\'}], \'key_name\': \'tosca_server_example_keypair\', \'flavor\': \'not implemented yet\', \'security_groups\': [\'tosca_server_example_security_group\'], \'image\': \'not implemented yet\'}"
cluster_name: "example"
configuration_tool: "ansible"
log_level: "info"

2022-08-19 15:56:51,755 - INFO - ThreadPoolExecutor-0_1 - Request - status OK
2022-08-19 15:56:51,758 - INFO - ThreadPoolExecutor-0_1 - Response send
2022-08-19 15:56:52,691 - INFO - ThreadPoolExecutor-0_2 - Request received
2022-08-19 15:56:52,718 - DEBUG - ThreadPoolExecutor-0_2 - Request content: operation: "create"
provider_template: "{\'tosca_server_example_floating_ip\': {\'requirements\': [{\'server\': {\'node\': \'tosca_server_example_server\', \'node_filter\': {\'properties\': [{\'name\': \'tosca_server_example\'}, {\'meta\': \'cube_master=true\'}, {\'auto_ip\': False}, {\'nics\': [{\'net-name\': \'sandbox_net\'}]}, {\'id\': \'{{ tosca_server_example_server_delete }}\'}]}}}, {\'network\': {\'node_filter\': {\'properties\': [{\'name\': \'not implemented yet\'}]}}}], \'properties\': {\'floating_ip_address\': \'10.100.157.77\'}, \'interfaces\': {\'Standard\': {\'create\': {\'implementation\': \'add_host.yaml\', \'inputs\': {\'ansible_user\': \'cirros\', \'host_ip\': \'{{ host_ip | default([]) + [[ \"tosca_server_example_public_address_\" + item, tosca_server_example_floating_ip.results[item | int - 1].floating_ip.floating_ip_address ]] }}\', \'group\': \'tosca_server_example_server_public_address\'}}}}, \'type\': \'openstack.nodes.FloatingIp\'}}"
configuration_args: "{\'floating_ip_address\': \'10.100.157.77\', \'server\': \'tosca_server_example\', \'network\': \'not implemented yet\'}"
cluster_name: "example"
configuration_tool: "ansible"
log_level: "info"

2022-08-19 15:56:52,719 - INFO - ThreadPoolExecutor-0_2 - Request - status OK
2022-08-19 15:56:52,722 - INFO - ThreadPoolExecutor-0_2 - Response send
2022-08-19 15:57:00,425 - INFO - MainThread - Server stopped
2022-08-19 15:57:00,429 - INFO - MainThread - Exited
2022-08-19 16:11:17,354 - INFO - MainThread - Logging clouni-configuration-tool started
2022-08-19 16:11:17,355 - DEBUG - MainThread - Arguments successfully parsed: max_workers 10, port 50052, host ['127.0.0.1']
2022-08-19 16:11:17,369 - INFO - MainThread - Server is going to start on 127.0.0.1:50052
2022-08-19 16:11:17,371 - INFO - MainThread - Server started
2022-08-19 16:11:35,119 - INFO - ThreadPoolExecutor-0_0 - Request received
2022-08-19 16:11:35,145 - INFO - ThreadPoolExecutor-0_1 - Request received
2022-08-19 16:11:35,142 - DEBUG - ThreadPoolExecutor-0_0 - Request content: operation: "create"
provider_template: "{\'tosca_server_example_security_group\': {\'properties\': {\'name\': \'tosca_server_example_security_group\'}, \'type\': \'openstack.nodes.SecurityGroup\'}}"
configuration_args: "{\'name\': \'tosca_server_example_security_group\'}"
cluster_name: "example"
configuration_tool: "ansible"
log_level: "info"

2022-08-19 16:11:35,175 - INFO - ThreadPoolExecutor-0_0 - Request - status OK
2022-08-19 16:11:35,166 - DEBUG - ThreadPoolExecutor-0_1 - Request content: operation: "create"
provider_template: "{\'tosca_server_example_keypair\': {\'properties\': {\'public_key\': \"{{ lookup(\'file\', \'~/.ssh/id_rsa.pub\') }}\", \'name\': \'tosca_server_example_keypair\'}, \'type\': \'openstack.nodes.Keypair\'}}"
configuration_args: "{\'name\': \'tosca_server_example_keypair\', \'public_key\': \"{{ lookup(\'file\', \'~/.ssh/id_rsa.pub\') }}\"}"
cluster_name: "example"
configuration_tool: "ansible"
log_level: "info"

2022-08-19 16:11:35,179 - INFO - ThreadPoolExecutor-0_1 - Request - status OK
2022-08-19 16:22:21,252 - INFO - MainThread - Server stopped
2022-08-19 16:22:21,254 - INFO - MainThread - Exited
2022-08-19 18:24:35,010 - INFO - MainThread - Logging clouni-configuration-tool started
2022-08-19 18:24:35,010 - DEBUG - MainThread - Arguments successfully parsed: max_workers 10, port 50052, host ['127.0.0.1']
2022-08-19 18:24:35,019 - INFO - MainThread - Server is going to start on 127.0.0.1:50052
2022-08-19 18:24:35,022 - INFO - MainThread - Server started
2022-08-19 18:26:08,117 - INFO - ThreadPoolExecutor-0_0 - Request received
2022-08-19 18:26:08,119 - DEBUG - ThreadPoolExecutor-0_0 - Request content: provider_template: "{\'node_templates\': {\'tosca_server_example_floating_ip\': {\'requirements\': [{\'server\': {\'node\': \'tosca_server_example_server\'}}, {\'network\': {\'node_filter\': {\'properties\': [{\'name\': \'not implemented yet\'}]}}}], \'properties\': {\'floating_ip_address\': \'10.100.157.77\'}, \'interfaces\': {\'Standard\': {\'create\': {\'implementation\': \'add_host.yaml\', \'inputs\': {\'ansible_user\': \'cirros\', \'host_ip\': \'{{ host_ip | default([]) + [[ \"tosca_server_example_public_address_\" + item, tosca_server_example_floating_ip.results[item | int - 1].floating_ip.floating_ip_address ]] }}\', \'group\': \'tosca_server_example_server_public_address\'}}}}, \'type\': \'openstack.nodes.FloatingIp\'}, \'tosca_server_example_keypair\': {\'properties\': {\'public_key\': \"{{ lookup(\'file\', \'~/.ssh/id_rsa.pub\') }}\", \'name\': \'tosca_server_example_keypair\'}, \'type\': \'openstack.nodes.Keypair\'}, \'tosca_server_example_server\': {\'requirements\': [{\'key_name\': {\'node\': \'tosca_server_example_keypair\'}}, {\'flavor\': {\'node_filter\': {\'properties\': [{\'vcpus\': 1}, {\'disk\': 10.0}, {\'ram\': 1024.0}]}}}, {\'security_groups\': {\'node\': \'tosca_server_example_security_group\'}}, {\'image\': {\'node_filter\': {\'properties\': [{\'name\': \'not implemented yet\'}]}}}], \'properties\': {\'name\': \'tosca_server_example\', \'meta\': \'cube_master=true\', \'auto_ip\': False, \'nics\': [{\'net-name\': \'sandbox_net\'}]}, \'interfaces\': {\'Standard\': {\'create\': {\'implementation\': \'add_host.yaml\', \'inputs\': {\'ansible_user\': \'cirros\', \'host_ip\': \'{{ host_ip | default([]) + [[ \"tosca_server_example_private_address_\" + item, tosca_server_example_server.results[item | int - 1].server.public_v4 ]] }}\', \'group\': \'tosca_server_example_server_private_address\'}}}}, \'type\': \'openstack.nodes.Server\'}, \'tosca_server_example_security_group\': {\'properties\': {\'name\': \'tosca_server_example_security_group\'}, \'type\': \'openstack.nodes.SecurityGroup\'}, \'tosca_server_example_security_group_rule\': {\'requirements\': [{\'security_group\': {\'node\': \'tosca_server_example_security_group\'}}], \'properties\': {\'protocol\': \'{{ protocol[item | int] | default(omit) }}\', \'port_range_min\': \'{{ port[item | int] | default(omit) }}\', \'port_range_max\': \'{{ port[item | int] | default(omit) }}\', \'direction\': \'{{ initiator[item | int] | default(omit) }}\', \'remote_ip_prefix\': \'0.0.0.0\'}, \'type\': \'openstack.nodes.SecurityGroupRule\'}}}"
cluster_name: "example"
configuration_tool: "ansible"
log_level: "info"

2022-08-19 18:26:08,120 - INFO - ThreadPoolExecutor-0_0 - Request - status OK
2022-08-19 18:26:08,120 - INFO - ThreadPoolExecutor-0_0 - Response send
2022-08-19 18:28:10,182 - INFO - ThreadPoolExecutor-0_0 - Request received
2022-08-19 18:28:10,183 - DEBUG - ThreadPoolExecutor-0_0 - Request content: provider_template: "{\'node_templates\': {\'tosca_server_example_floating_ip\': {\'requirements\': [{\'server\': {\'node\': \'tosca_server_example_server\'}}, {\'network\': {\'node_filter\': {\'properties\': [{\'name\': \'not implemented yet\'}]}}}], \'properties\': {\'floating_ip_address\': \'10.100.157.77\'}, \'interfaces\': {\'Standard\': {\'create\': {\'implementation\': \'add_host.yaml\', \'inputs\': {\'ansible_user\': \'cirros\', \'host_ip\': \'{{ host_ip | default([]) + [[ \"tosca_server_example_public_address_\" + item, tosca_server_example_floating_ip.results[item | int - 1].floating_ip.floating_ip_address ]] }}\', \'group\': \'tosca_server_example_server_public_address\'}}}}, \'type\': \'openstack.nodes.FloatingIp\'}, \'tosca_server_example_keypair\': {\'properties\': {\'public_key\': \"{{ lookup(\'file\', \'~/.ssh/id_rsa.pub\') }}\", \'name\': \'tosca_server_example_keypair\'}, \'type\': \'openstack.nodes.Keypair\'}, \'tosca_server_example_server\': {\'requirements\': [{\'key_name\': {\'node\': \'tosca_server_example_keypair\'}}, {\'flavor\': {\'node_filter\': {\'properties\': [{\'vcpus\': 1}, {\'disk\': 10.0}, {\'ram\': 1024.0}]}}}, {\'security_groups\': {\'node\': \'tosca_server_example_security_group\'}}, {\'image\': {\'node_filter\': {\'properties\': [{\'name\': \'not implemented yet\'}]}}}], \'properties\': {\'name\': \'tosca_server_example\', \'meta\': \'cube_master=true\', \'auto_ip\': False, \'nics\': [{\'net-name\': \'sandbox_net\'}]}, \'interfaces\': {\'Standard\': {\'create\': {\'implementation\': \'add_host.yaml\', \'inputs\': {\'ansible_user\': \'cirros\', \'host_ip\': \'{{ host_ip | default([]) + [[ \"tosca_server_example_private_address_\" + item, tosca_server_example_server.results[item | int - 1].server.public_v4 ]] }}\', \'group\': \'tosca_server_example_server_private_address\'}}}}, \'type\': \'openstack.nodes.Server\'}, \'tosca_server_example_security_group\': {\'properties\': {\'name\': \'tosca_server_example_security_group\'}, \'type\': \'openstack.nodes.SecurityGroup\'}, \'tosca_server_example_security_group_rule\': {\'requirements\': [{\'security_group\': {\'node\': \'tosca_server_example_security_group\'}}], \'properties\': {\'protocol\': \'{{ protocol[item | int] | default(omit) }}\', \'port_range_min\': \'{{ port[item | int] | default(omit) }}\', \'port_range_max\': \'{{ port[item | int] | default(omit) }}\', \'direction\': \'{{ initiator[item | int] | default(omit) }}\', \'remote_ip_prefix\': \'0.0.0.0\'}, \'type\': \'openstack.nodes.SecurityGroupRule\'}}}"
cluster_name: "example"
configuration_tool: "ansible"
log_level: "info"

2022-08-19 18:28:10,184 - INFO - ThreadPoolExecutor-0_0 - Request - status OK
2022-08-19 18:28:10,184 - INFO - ThreadPoolExecutor-0_0 - Response send
2022-08-19 18:29:59,578 - INFO - ThreadPoolExecutor-0_1 - Request received
2022-08-19 18:29:59,579 - DEBUG - ThreadPoolExecutor-0_1 - Request content: provider_template: "{\'node_templates\': {\'tosca_server_example_floating_ip\': {\'requirements\': [{\'server\': {\'node\': \'tosca_server_example_server\'}}, {\'network\': {\'node_filter\': {\'properties\': [{\'name\': \'not implemented yet\'}]}}}], \'properties\': {\'floating_ip_address\': \'10.100.157.77\'}, \'interfaces\': {\'Standard\': {\'create\': {\'implementation\': \'add_host.yaml\', \'inputs\': {\'ansible_user\': \'cirros\', \'host_ip\': \'{{ host_ip | default([]) + [[ \"tosca_server_example_public_address_\" + item, tosca_server_example_floating_ip.results[item | int - 1].floating_ip.floating_ip_address ]] }}\', \'group\': \'tosca_server_example_server_public_address\'}}}}, \'type\': \'openstack.nodes.FloatingIp\'}, \'tosca_server_example_keypair\': {\'properties\': {\'public_key\': \"{{ lookup(\'file\', \'~/.ssh/id_rsa.pub\') }}\", \'name\': \'tosca_server_example_keypair\'}, \'type\': \'openstack.nodes.Keypair\'}, \'tosca_server_example_server\': {\'requirements\': [{\'key_name\': {\'node\': \'tosca_server_example_keypair\'}}, {\'flavor\': {\'node_filter\': {\'properties\': [{\'vcpus\': 1}, {\'disk\': 10.0}, {\'ram\': 1024.0}]}}}, {\'security_groups\': {\'node\': \'tosca_server_example_security_group\'}}, {\'image\': {\'node_filter\': {\'properties\': [{\'name\': \'not implemented yet\'}]}}}], \'properties\': {\'name\': \'tosca_server_example\', \'meta\': \'cube_master=true\', \'auto_ip\': False, \'nics\': [{\'net-name\': \'sandbox_net\'}]}, \'interfaces\': {\'Standard\': {\'create\': {\'implementation\': \'add_host.yaml\', \'inputs\': {\'ansible_user\': \'cirros\', \'host_ip\': \'{{ host_ip | default([]) + [[ \"tosca_server_example_private_address_\" + item, tosca_server_example_server.results[item | int - 1].server.public_v4 ]] }}\', \'group\': \'tosca_server_example_server_private_address\'}}}}, \'type\': \'openstack.nodes.Server\'}, \'tosca_server_example_security_group\': {\'properties\': {\'name\': \'tosca_server_example_security_group\'}, \'type\': \'openstack.nodes.SecurityGroup\'}, \'tosca_server_example_security_group_rule\': {\'requirements\': [{\'security_group\': {\'node\': \'tosca_server_example_security_group\'}}], \'properties\': {\'protocol\': \'{{ protocol[item | int] | default(omit) }}\', \'port_range_min\': \'{{ port[item | int] | default(omit) }}\', \'port_range_max\': \'{{ port[item | int] | default(omit) }}\', \'direction\': \'{{ initiator[item | int] | default(omit) }}\', \'remote_ip_prefix\': \'0.0.0.0\'}, \'type\': \'openstack.nodes.SecurityGroupRule\'}}}"
cluster_name: "example"
configuration_tool: "ansible"
log_level: "info"

2022-08-19 18:29:59,580 - INFO - ThreadPoolExecutor-0_1 - Request - status OK
2022-08-19 18:29:59,580 - INFO - ThreadPoolExecutor-0_1 - Response send
2022-08-19 18:31:52,664 - INFO - ThreadPoolExecutor-0_0 - Request received
2022-08-19 18:31:52,665 - DEBUG - ThreadPoolExecutor-0_0 - Request content: provider_template: "{\'node_templates\': {\'tosca_server_example_floating_ip\': {\'requirements\': [{\'server\': {\'node\': \'tosca_server_example_server\'}}, {\'network\': {\'node_filter\': {\'properties\': [{\'name\': \'not implemented yet\'}]}}}], \'properties\': {\'floating_ip_address\': \'10.100.157.77\'}, \'interfaces\': {\'Standard\': {\'create\': {\'implementation\': \'add_host.yaml\', \'inputs\': {\'ansible_user\': \'cirros\', \'host_ip\': \'{{ host_ip | default([]) + [[ \"tosca_server_example_public_address_\" + item, tosca_server_example_floating_ip.results[item | int - 1].floating_ip.floating_ip_address ]] }}\', \'group\': \'tosca_server_example_server_public_address\'}}}}, \'type\': \'openstack.nodes.FloatingIp\'}, \'tosca_server_example_keypair\': {\'properties\': {\'public_key\': \"{{ lookup(\'file\', \'~/.ssh/id_rsa.pub\') }}\", \'name\': \'tosca_server_example_keypair\'}, \'type\': \'openstack.nodes.Keypair\'}, \'tosca_server_example_server\': {\'requirements\': [{\'key_name\': {\'node\': \'tosca_server_example_keypair\'}}, {\'flavor\': {\'node_filter\': {\'properties\': [{\'vcpus\': 1}, {\'disk\': 10.0}, {\'ram\': 1024.0}]}}}, {\'security_groups\': {\'node\': \'tosca_server_example_security_group\'}}, {\'image\': {\'node_filter\': {\'properties\': [{\'name\': \'not implemented yet\'}]}}}], \'properties\': {\'name\': \'tosca_server_example\', \'meta\': \'cube_master=true\', \'auto_ip\': False, \'nics\': [{\'net-name\': \'sandbox_net\'}]}, \'interfaces\': {\'Standard\': {\'create\': {\'implementation\': \'add_host.yaml\', \'inputs\': {\'ansible_user\': \'cirros\', \'host_ip\': \'{{ host_ip | default([]) + [[ \"tosca_server_example_private_address_\" + item, tosca_server_example_server.results[item | int - 1].server.public_v4 ]] }}\', \'group\': \'tosca_server_example_server_private_address\'}}}}, \'type\': \'openstack.nodes.Server\'}, \'tosca_server_example_security_group\': {\'properties\': {\'name\': \'tosca_server_example_security_group\'}, \'type\': \'openstack.nodes.SecurityGroup\'}, \'tosca_server_example_security_group_rule\': {\'requirements\': [{\'security_group\': {\'node\': \'tosca_server_example_security_group\'}}], \'properties\': {\'protocol\': \'{{ protocol[item | int] | default(omit) }}\', \'port_range_min\': \'{{ port[item | int] | default(omit) }}\', \'port_range_max\': \'{{ port[item | int] | default(omit) }}\', \'direction\': \'{{ initiator[item | int] | default(omit) }}\', \'remote_ip_prefix\': \'0.0.0.0\'}, \'type\': \'openstack.nodes.SecurityGroupRule\'}}}"
cluster_name: "example"
configuration_tool: "ansible"
log_level: "info"

2022-08-19 18:31:52,665 - INFO - ThreadPoolExecutor-0_0 - Request - status OK
2022-08-19 18:31:52,665 - INFO - ThreadPoolExecutor-0_0 - Response send
2022-08-19 18:33:45,463 - INFO - ThreadPoolExecutor-0_2 - Request received
2022-08-19 18:33:45,464 - DEBUG - ThreadPoolExecutor-0_2 - Request content: provider_template: "{\'node_templates\': {\'tosca_server_example_floating_ip\': {\'requirements\': [{\'server\': {\'node\': \'tosca_server_example_server\'}}, {\'network\': {\'node_filter\': {\'properties\': [{\'name\': \'not implemented yet\'}]}}}], \'properties\': {\'floating_ip_address\': \'10.100.157.77\'}, \'interfaces\': {\'Standard\': {\'create\': {\'implementation\': \'add_host.yaml\', \'inputs\': {\'ansible_user\': \'cirros\', \'host_ip\': \'{{ host_ip | default([]) + [[ \"tosca_server_example_public_address_\" + item, tosca_server_example_floating_ip.results[item | int - 1].floating_ip.floating_ip_address ]] }}\', \'group\': \'tosca_server_example_server_public_address\'}}}}, \'type\': \'openstack.nodes.FloatingIp\'}, \'tosca_server_example_keypair\': {\'properties\': {\'public_key\': \"{{ lookup(\'file\', \'~/.ssh/id_rsa.pub\') }}\", \'name\': \'tosca_server_example_keypair\'}, \'type\': \'openstack.nodes.Keypair\'}, \'tosca_server_example_server\': {\'requirements\': [{\'key_name\': {\'node\': \'tosca_server_example_keypair\'}}, {\'flavor\': {\'node_filter\': {\'properties\': [{\'vcpus\': 1}, {\'disk\': 10.0}, {\'ram\': 1024.0}]}}}, {\'security_groups\': {\'node\': \'tosca_server_example_security_group\'}}, {\'image\': {\'node_filter\': {\'properties\': [{\'name\': \'not implemented yet\'}]}}}], \'properties\': {\'name\': \'tosca_server_example\', \'meta\': \'cube_master=true\', \'auto_ip\': False, \'nics\': [{\'net-name\': \'sandbox_net\'}]}, \'interfaces\': {\'Standard\': {\'create\': {\'implementation\': \'add_host.yaml\', \'inputs\': {\'ansible_user\': \'cirros\', \'host_ip\': \'{{ host_ip | default([]) + [[ \"tosca_server_example_private_address_\" + item, tosca_server_example_server.results[item | int - 1].server.public_v4 ]] }}\', \'group\': \'tosca_server_example_server_private_address\'}}}}, \'type\': \'openstack.nodes.Server\'}, \'tosca_server_example_security_group\': {\'properties\': {\'name\': \'tosca_server_example_security_group\'}, \'type\': \'openstack.nodes.SecurityGroup\'}, \'tosca_server_example_security_group_rule\': {\'requirements\': [{\'security_group\': {\'node\': \'tosca_server_example_security_group\'}}], \'properties\': {\'protocol\': \'{{ protocol[item | int] | default(omit) }}\', \'port_range_min\': \'{{ port[item | int] | default(omit) }}\', \'port_range_max\': \'{{ port[item | int] | default(omit) }}\', \'direction\': \'{{ initiator[item | int] | default(omit) }}\', \'remote_ip_prefix\': \'0.0.0.0\'}, \'type\': \'openstack.nodes.SecurityGroupRule\'}}}"
cluster_name: "example"
configuration_tool: "ansible"
log_level: "info"

2022-08-19 18:33:45,464 - INFO - ThreadPoolExecutor-0_2 - Request - status OK
2022-08-19 18:33:45,464 - INFO - ThreadPoolExecutor-0_2 - Response send
2022-08-19 18:34:44,036 - INFO - ThreadPoolExecutor-0_1 - Request received
2022-08-19 18:34:44,037 - DEBUG - ThreadPoolExecutor-0_1 - Request content: provider_template: "{\'node_templates\': {\'testing_tosca_floating_ip\': {\'requirements\': [{\'server\': {\'node\': \'testing_tosca_server\'}}, {\'network\': {\'node_filter\': {\'properties\': [{\'name\': \'not implemented yet\'}]}}}], \'properties\': {\'floating_ip_address\': \'10.10.10.10\'}, \'interfaces\': {\'Standard\': {\'create\': {\'implementation\': \'add_host.yaml\', \'inputs\': {\'ansible_user\': \'xenial\', \'host_ip\': \'{{ host_ip | default([]) + [[ \"testing_tosca_public_address_\" + item, testing_tosca_floating_ip.results[item | int - 1].floating_ip.floating_ip_address ]] }}\', \'group\': \'testing_tosca_server_public_address\'}}}}, \'type\': \'openstack.nodes.FloatingIp\'}, \'testing_tosca_keypair\': {\'properties\': {\'public_key\': \"{{ lookup(\'file\', \'~/.ssh/id_rsa.pub\') }}\", \'name\': \'testing_tosca_keypair\'}, \'type\': \'openstack.nodes.Keypair\'}, \'testing_tosca_server\': {\'requirements\': [{\'key_name\': {\'node\': \'testing_tosca_keypair\'}}, {\'flavor\': {\'node_filter\': {\'properties\': [{\'vcpus\': 1}, {\'disk\': 5.0}, {\'ram\': 1024.0}]}}}, {\'security_groups\': {\'node\': \'testing_tosca_security_group\'}}, {\'image\': {\'node_filter\': {\'properties\': [{\'name\': \'not implemented yet\'}]}}}], \'properties\': {\'name\': \'testing_tosca_{{ item }}\', \'meta\': \'cube_master=true\', \'auto_ip\': False, \'nics\': [{\'net-name\': \'test-two-routers\'}]}, \'interfaces\': {\'Standard\': {\'create\': {\'implementation\': \'add_host.yaml\', \'inputs\': {\'ansible_user\': \'xenial\', \'host_ip\': \'{{ host_ip | default([]) + [[ \"testing_tosca_private_address_\" + item, testing_tosca_server.results[item | int - 1].server.public_v4 ]] }}\', \'group\': \'testing_tosca_server_private_address\'}}}}, \'type\': \'openstack.nodes.Server\'}, \'testing_tosca_security_group\': {\'properties\': {\'name\': \'testing_tosca_security_group\'}, \'type\': \'openstack.nodes.SecurityGroup\'}, \'testing_tosca_security_group_rule\': {\'requirements\': [{\'security_group\': {\'node\': \'testing_tosca_security_group\'}}], \'properties\': {\'protocol\': \'{{ protocol[item | int] | default(omit) }}\', \'port_range_min\': \'{{ port[item | int] | default(omit) }}\', \'port_range_max\': \'{{ port[item | int] | default(omit) }}\', \'direction\': \'{{ initiator[item | int] | default(omit) }}\', \'remote_ip_prefix\': \'0.0.0.0\'}, \'type\': \'openstack.nodes.SecurityGroupRule\'}, \'software_for_cumulus_software_component\': {\'requirements\': [{\'host\': {\'node\': \'testing_tosca_server\'}}, {\'dependency\': {\'node\': \'testing_tosca_keypair\'}}, {\'dependency\': {\'node\': \'testing_tosca_security_group\'}}, {\'dependency\': {\'node\': \'testing_tosca_floating_ip\'}}, {\'dependency\': {\'node\': \'testing_tosca_server\'}}, {\'dependency\': {\'node\': \'testing_tosca_security_group_rule\'}}], \'interfaces\': {\'Standard\': {\'create\': {\'implementation\': \'ansible-operation-example.yaml\'}}}, \'type\': \'tosca.nodes.SoftwareComponent\'}}}"
cluster_name: "example"
configuration_tool: "ansible"
log_level: "info"

2022-08-19 18:34:44,038 - INFO - ThreadPoolExecutor-0_1 - Request - status OK
2022-08-19 18:34:44,038 - INFO - ThreadPoolExecutor-0_1 - Response send
2022-08-19 18:47:45,261 - INFO - MainThread - Server stopped
2022-08-19 18:47:45,262 - INFO - MainThread - Exited
